[Bootstrap]
SetupTitle=安装
SetupText=正在复制文件，请等待。
CabFile=MnBWarband_Editor.CAB
Spawn=Setup1.exe
Uninstal=st6unst.exe
TmpDir=msftqws.pdw
Cabs=1

[Bootstrap Files]
File1=@VB6STKIT.DLL,$(WinSysPathSysFile),,,7/6/98 12:00:00 AM,101888,6.0.84.50
File2=@COMCAT.DLL,$(WinSysPathSysFile),$(DLLSelfRegister),,5/31/98 12:00:00 AM,22288,4.71.1460.1
File3=@VB6CHS.DLL,$(WinSysPath),,$(Shared),7/6/98 12:00:00 AM,102160,6.0.89.88
File4=@stdole2.tlb,$(WinSysPathSysFile),$(TLBRegister),,6/9/08 8:00:00 PM,16896,5.1.2600.5512
File5=@asycfilt.dll,$(WinSysPathSysFile),,,3/5/10 10:37:40 PM,65536,5.1.2600.5949
File6=@olepro32.dll,$(WinSysPathSysFile),$(DLLSelfRegister),,6/9/08 8:00:00 PM,84992,5.1.2600.5512
File7=@oleaut32.dll,$(WinSysPathSysFile),$(DLLSelfRegister),,12/21/10 1:32:05 AM,551936,5.1.2600.6058
File8=@msvbvm60.dll,$(WinSysPathSysFile),$(DLLSelfRegister),,6/9/08 8:00:00 PM,1384479,6.0.98.2

[IconGroups]
Group0=MnBWarband Editor
PrivateGroup0=-1
Parent0=$(Programs)

[MnBWarband Editor]
Icon1="MnBWarband_Editor.exe"
Title1=MnBWarband Editor
StartIn1=$(AppPath)

[Setup]
Title=MnBWarband Editor
DefaultDir=$(ProgramFiles)\MnBWarband_Editor
AppExe=MnBWarband_Editor.exe
AppToUninstall=MnBWarband_Editor.exe

[Setup1 Files]
File1=@RCHTXCHS.DLL,$(WinSysPath),,$(Shared),4/24/98 12:00:00 AM,30720,6.0.80.37
File2=@GAPI32.DLL,$(WinSysPathSysFile),,,4/24/98 12:00:00 AM,83552,4.0.994.25
File3=@RICHED32.DLL,$(WinSysPathSysFile),,,4/24/98 12:00:00 AM,197392,4.0.994.24
File4=@RICHTX32.OCX,$(WinSysPath),$(DLLSelfRegister),$(Shared),6/24/98 12:00:00 AM,212240,6.1.97.82
File5=@CMDLGCHS.DLL,$(WinSysPath),,$(Shared),7/7/98 12:00:00 AM,28160,6.0.81.63
File6=@COMDLG32.OCX,$(WinSysPath),$(DLLSelfRegister),$(Shared),6/24/98 12:00:00 AM,152848,6.1.97.82
File7=@MSCMCCHS.DLL,$(WinSysPath),,$(Shared),7/7/98 12:00:00 AM,124416,6.0.81.63
File8=@MSCOMCTL.OCX,$(WinSysPath),$(DLLSelfRegister),$(Shared),11/4/11 6:13:36 AM,1070352,6.1.98.33
File9=@scrrnchs.dll,$(WinSysPath),,$(Shared),6/9/08 8:00:00 PM,20530,5.6.0.6626
File10=@msvcrt.dll,$(WinSysPathSysFile),,,6/9/08 8:00:00 PM,343040,7.0.2600.5512
File11=@scrrun.dll,$(WinSysPath),$(DLLSelfRegister),$(Shared),5/9/08 6:53:48 PM,172032,5.7.0.18066
File12=@msstdfmt.dll,$(WinSysPath),$(DLLSelfRegister),$(Shared),1/11/08 4:45:28 PM,129024,6.1.98.4
File13=@GdiPlus.dll,$(WinSysPath),,$(Shared),10/23/10 8:50:50 AM,1748992,5.2.6002.22509
File14=@MnBWarband_Editor.exe,$(AppPath),,,3/19/12 5:07:12 PM,3510272,1.5.0.0

; 要在满的安装盘上定制该文件，需要额外的空间，下列行可能被删除。
; 
; XXXXXXXXXXXXXXXXXXXXXXXXXXXXXXXXXXXXXXXXXXXXXXXXXXXXXXXXXXXX
; XXXXXXXXXXXXXXXXXXXXXXXXXXXXXXXXXXXXXXXXXXXXXXXXXXXXXXXXXXXX
; XXXXXXXXXXXXXXXXXXXXXXXXXXXXXXXXXXXXXXXXXXXXXXXXXXXXXXXXXXXX
; XXXXXXXXXXXXXXXXXXXXXXXXXXXXXXXXXXXXXXXXXXXXXXXXXXXXXXXXXXXX
; XXXXXXXXXXXXXXXXXXXXXXXXXXXXXXXXXXXXXXXXXXXXXXXXXXXXXXXXXXXX
; XXXXXXXXXXXXXXXXXXXXXXXXXXXXXXXXXXXXXXXXXXXXXXXXXXXXXXXXXXXX
; XXXXXXXXXXXXXXXXXXXXXXXXXXXXXXXXXXXXXXXXXXXXXXXXXXXXXXXXXXXX
; XXXXXXXXXXXXXXXXXXXXXXXXXXXXXXXXXXXXXXXXXXXXXXXXXXXXXXXXXXXX
; XXXXXXXXXXXXXXXXXXXXXXXXXXXXXXXXXXXXXXXXXXXXXXXXXXXXXXXXXXXX
; XXXXXXXXXXXXXXXXXXXXXXXXXXXXXXXXXXXXXXXXXXXXXXXXXXXXXXXXXXXX
; XXXXXXXXXXXXXXXXXXXXXXXXXXXXXXXXXXXXXXXXXXXXXXXXXXXXXXXXXXXX
; XXXXXXXXXXXXXXXXXXXXXXXXXXXXXXXXXXXXXXXXXXXXXXXXXXXXXXXXXXXX
; XXXXXXXXXXXXXXXXXXXXXXXXXXXXXXXXXXXXXXXXXXXXXXXXXXXXXXXXXXXX
; XXXXXXXXXXXXXXXXXXXXXXXXXXXXXXXXXXXXXXXXXXXXXXXXXXXXXXXXXXXX
; XXXXXXXXXXXXXXXXXXXXXXXXXXXXXXXXXXXXXXXXXXXXXXXXXXXXXXXXXXXX
; XXXXXXXXXXXXXXXXXXXXXXXXXXXXXXXXXXXXXXXXXXXXXXXXXXXXXXXXXXXX
; XXXXXXXXXXXXXXXXXXXXXXXXXXXXXXXXXXXXXXXXXXXXXXXXXXXXXXXXXXXX
; XXXXXXXXXXXXXXXXXXXXXXXXXXXXXXXXXXXXXXXXXXXXXXXXXXXXXXXXXXXX
; XXXXXXXXXXXXXXXXXXXXXXXXXXXXXXXXXXXXXXXXXXXXXXXXXXXXXXXXXXXX
; XXXXXXXXXXXXXXXXXXXXXXXXXXXXXXXXXXXXXXXXXXXXXXXXXXXXXXXXXXXX
; XXXXXXXXXXXXXXXXXXXXXXXXXXXXXXXXXXXXXXXXXXXXXXXXXXXXXXXXXXXX
; XXXXXXXXXXXXXXXXXXXXXXXXXXXXXXXXXXXXXXXXXXXXXXXXXXXXXXXXXXXX
; XXXXXXXXXXXXXXXXXXXXXXXXXXXXXXXXXXXXXXXXXXXXXXXXXXXXXXXXXXXX
; XXXXXXXXXXXXXXXXXXXXXXXXXXXXXXXXXXXXXXXXXXXXXXXXXXXXXXXXXXXX
; XXXXXXXXXXXXXXXXXXXXXXXXXXXXXXXXXXXXXXXXXXXXXXXXXXXXXXXXXXXX
; XXXXXXXXXXXXXXXXXXXXXXXXXXXXXXXXXXXXXXXXXXXXXXXXXXXXXXXXXXXX
; XXXXXXXXXXXXXXXXXXXXXXXXXXXXXXXXXXXXXXXXXXXXXXXXXXXXXXXXXXXX
; XXXXXXXXXXXXXXXXXXXXXXXXXXXXXXXXXXXXXXXXXXXXXXXXXXXXXXXXXXXX
; XXXXXXXXXXXXXXXXXXXXXXXXXXXXXXXXXXXXXXXXXXXXXXXXXXXXXXXXXXXX
; XXXXXXXXXXXXXXXXXXXXXXXXXXXXXXXXXXXXXXXXXXXXXXXXXXXXXXXXXXXX
; XXXXXXXXXXXXXXXXXXXXXXXXXXXXXXXXXXXXXXXXXXXXXXXXXXXXXXXXXXXX
; XXXXXXXXXXXXXXXXXXXXXXXXXXXXXXXXXXXXXXXXXXXXXXXXXXXXXXXXXXXX
; XXXXXXXXXXXXXXXXXXXXXXXXXXXXXXXXXXXXXXXXXXXXXXXXXXXXXXXXXXXX
; XXXXXXXXXXXXXXXXXXXXXXXXXXXXXXXXXXXXXXXXXXXXXXXXXXXXXXXXXXXX
; XXXXXXXXXXXXXXXXXXXXXXXXXXXXXXXXXXXXXXXXXXXXXXXXXXXXXXXXXXXX
